Arguments: 
  C:\Program Files\nodejs\node.exe C:\Program Files (x86)\Yarn\bin\yarn.js add db.sqlite3

PATH: 
  C:\Users\effme\bin;C:\Program Files\Git\mingw64\bin;C:\Program Files\Git\usr\local\bin;C:\Program Files\Git\usr\bin;C:\Program Files\Git\usr\bin;C:\Program Files\Git\mingw64\bin;C:\Program Files\Git\usr\bin;C:\Users\effme\bin;C:\Python27;C:\Python27\Scripts;C:\WINDOWS\system32;C:\WINDOWS;C:\WINDOWS\System32\Wbem;C:\WINDOWS\System32\WindowsPowerShell\v1.0;C:\WINDOWS\System32\OpenSSH;C:\Program Files\Git\cmd;C:\Program Files\nodejs;C:\ProgramData\chocolatey\bin;C:\Program Files (x86)\Yarn\bin;C:\Users\effme\AppData\Local\Microsoft\WindowsApps;C:\Users\effme\AppData\Local\Programs\Microsoft VS Code\bin;C:\Program Files\Git\usr\bin\vendor_perl;C:\Program Files\Git\usr\bin\core_perl

Yarn version: 
  1.22.0

Node version: 
  12.16.1

Platform: 
  win32 x64

Trace: 
  Error: EPERM: operation not permitted, unlink 'C:\Users\effme\Documents\Authentication_and_Testing\node-auth2-project\node_modules\node\bin\node.exe'

npm manifest: 
  {
    "name": "node-auth2-project",
    "version": "1.0.0",
    "description": "- Authentication.\r - Express Middleware.\r - JSON Web Tokens (JWTs).\r - Hashing Passwords.",
    "main": "index.js",
    "scripts": {
      "test": "echo \"Error: no test specified\" && exit 1",
      "server": "nodemon index.js",
      "start": "node index.js"
    },
    "repository": {
      "type": "git",
      "url": "git+https://github.com/Wade-Coplen/node-auth2-project.git"
    },
    "keywords": [],
    "author": "",
    "license": "ISC",
    "bugs": {
      "url": "https://github.com/Wade-Coplen/node-auth2-project/issues"
    },
    "homepage": "https://github.com/Wade-Coplen/node-auth2-project#readme",
    "dependencies": {
      "bcryptjs": "^2.4.3",
      "cors": "^2.8.5",
      "dotenv": "^8.2.0",
      "express": "^4.17.1",
      "helmet": "^3.22.0",
      "jsonwebtoken": "^8.5.1",
      "knex": "^0.21.1",
      "modules": "^0.4.0",
      "node": "^14.0.0",
      "nodemon": "^2.0.3"
    }
  }

yarn manifest: 
  No manifest

Lockfile: 
  No lockfile
